<?xml version="1.0" encoding="UTF-8"?>
<!-- Generated by org.testng.reporters.JUnitReportReporter -->
<testsuite skipped="0" hostname="ip-172-31-12-148" name="com.ecom.selenium.external.elements.DemoCheckBoxTests" tests="3" failures="0" timestamp="2021-02-07T17:16:50 UTC" time="11.886" errors="0">
  <testcase name="verifySelectALLCheckBoxTest" time="4.263" classname="com.ecom.selenium.external.elements.DemoCheckBoxTests"/>
  <system-out/>
  <testcase name="verifyDeaultCheckBoxTest" time="3.837" classname="com.ecom.selenium.external.elements.DemoCheckBoxTests"/>
  <system-out/>
  <testcase name="verifyCheckBoxExistTest" time="3.786" classname="com.ecom.selenium.external.elements.DemoCheckBoxTests"/>
  <system-out/>
</testsuite> <!-- com.ecom.selenium.external.elements.DemoCheckBoxTests -->
