<?xml version="1.0" encoding="UTF-8"?>
<!-- Generated by org.testng.reporters.JUnitReportReporter -->
<testsuite skipped="0" hostname="ip-172-31-12-148" name="com.ecom.selenium.external.browser.screenshot.BrowserWindwoScreenShotTests" tests="1" failures="0" timestamp="2021-02-13T15:43:15 UTC" time="9.467" errors="0">
  <testcase name="takeScreenShotTest" time="9.467" classname="com.ecom.selenium.external.browser.screenshot.BrowserWindwoScreenShotTests"/>
  <system-out/>
</testsuite> <!-- com.ecom.selenium.external.browser.screenshot.BrowserWindwoScreenShotTests -->
