<?xml version="1.0" encoding="UTF-8"?>
<!-- Generated by org.testng.reporters.JUnitReportReporter -->
<testsuite skipped="0" hostname="ip-172-31-12-148" name="com.ecom.selenium.external.elements.DemoConfirmationAlertTest" tests="2" failures="0" timestamp="2021-02-07T16:42:28 UTC" time="22.130" errors="0">
  <testcase name="testForWebConfirmationBox" time="12.403" classname="com.ecom.selenium.external.elements.DemoConfirmationAlertTest"/>
  <system-out/>
  <testcase name="testForWebAlertBox" time="9.727" classname="com.ecom.selenium.external.elements.DemoConfirmationAlertTest"/>
  <system-out/>
</testsuite> <!-- com.ecom.selenium.external.elements.DemoConfirmationAlertTest -->
