<?xml version="1.0" encoding="UTF-8"?>
<!-- Generated by org.testng.reporters.JUnitReportReporter -->
<testsuite skipped="0" hostname="ip-172-31-12-148" name="com.ecom.selenium.tests.amazontests.NewTest" tests="1" failures="0" timestamp="2021-02-07T15:24:02 UTC" time="0.034" errors="0">
  <testcase name="testTitle" time="0.034" classname="com.ecom.selenium.tests.amazontests.NewTest"/>
  <system-out/>
</testsuite> <!-- com.ecom.selenium.tests.amazontests.NewTest -->
