<?xml version="1.0" encoding="UTF-8"?>
<!-- Generated by org.testng.reporters.JUnitReportReporter -->
<testsuite skipped="0" hostname="ip-172-31-12-148" name="com.ecom.selenium.tests.amazontests.TestNgAnnotations" tests="2" failures="0" timestamp="2021-02-07T14:54:39 UTC" time="0.008" errors="0">
  <testcase name="testOne" time="0.006" classname="com.ecom.selenium.tests.amazontests.TestNgAnnotations"/>
  <system-out/>
  <testcase name="testTwo" time="0.002" classname="com.ecom.selenium.tests.amazontests.TestNgAnnotations"/>
  <system-out/>
</testsuite> <!-- com.ecom.selenium.tests.amazontests.TestNgAnnotations -->
