<?xml version="1.0" encoding="UTF-8"?>
<!-- Generated by org.testng.reporters.JUnitReportReporter -->
<testsuite skipped="0" hostname="ip-172-31-12-148" name="com.ecom.selenium.tests.amazontests.ImplicitWaitTest" tests="2" failures="0" timestamp="2021-02-07T15:32:40 UTC" time="10.597" errors="0">
  <testcase name="testTitle" time="4.772" classname="com.ecom.selenium.tests.amazontests.ImplicitWaitTest"/>
  <system-out/>
  <testcase name="testMobileLink" time="5.825" classname="com.ecom.selenium.tests.amazontests.ImplicitWaitTest"/>
  <system-out/>
</testsuite> <!-- com.ecom.selenium.tests.amazontests.ImplicitWaitTest -->
