<?xml version="1.0" encoding="UTF-8"?>
<!-- Generated by org.testng.reporters.JUnitReportReporter -->
<testsuite skipped="0" hostname="ip-172-31-12-148" name="com.ecom.selenium.tests.amazontests.ExplicitWaitTest" tests="1" failures="0" timestamp="2021-02-07T15:49:58 UTC" time="6.096" errors="0">
  <testcase name="mobileLinkTest" time="6.096" classname="com.ecom.selenium.tests.amazontests.ExplicitWaitTest"/>
  <system-out/>
</testsuite> <!-- com.ecom.selenium.tests.amazontests.ExplicitWaitTest -->
