<?xml version="1.0" encoding="UTF-8"?>
<!-- Generated by org.testng.reporters.JUnitReportReporter -->
<testsuite skipped="0" hostname="ip-172-31-12-148" name="com.ecom.selenium.external.browser.popup.AddToCartTest" tests="1" failures="0" timestamp="2021-02-14T16:30:13 UTC" time="10.285" errors="0">
  <testcase name="addToCartTest" time="10.285" classname="com.ecom.selenium.external.browser.popup.AddToCartTest"/>
  <system-out/>
</testsuite> <!-- com.ecom.selenium.external.browser.popup.AddToCartTest -->
