<?xml version="1.0" encoding="UTF-8"?>
<!-- Generated by org.testng.reporters.JUnitReportReporter -->
<testsuite skipped="0" hostname="ip-172-31-12-148" name="com.ecom.selenium.external.elements.DemoRadioButtonTest" tests="3" failures="0" timestamp="2021-02-07T17:00:00 UTC" time="10.981" errors="0">
  <testcase name="radioButtonClickTest" time="3.295" classname="com.ecom.selenium.external.elements.DemoRadioButtonTest"/>
  <system-out/>
  <testcase name="radioButtonClickTest2" time="3.901" classname="com.ecom.selenium.external.elements.DemoRadioButtonTest"/>
  <system-out/>
  <testcase name="radioButtonExistTest" time="3.785" classname="com.ecom.selenium.external.elements.DemoRadioButtonTest"/>
  <system-out/>
</testsuite> <!-- com.ecom.selenium.external.elements.DemoRadioButtonTest -->
