<?xml version="1.0" encoding="UTF-8"?>
<!-- Generated by org.testng.reporters.JUnitReportReporter -->
<testsuite skipped="0" hostname="ip-172-31-12-148" name="com.ecom.selenium.external.browser.popup.BrowserWindowTest" tests="1" failures="0" timestamp="2021-02-13T15:22:39 UTC" time="11.305" errors="0">
  <testcase name="verifyLocationWindowAmazonTest" time="11.305" classname="com.ecom.selenium.external.browser.popup.BrowserWindowTest"/>
  <system-out/>
</testsuite> <!-- com.ecom.selenium.external.browser.popup.BrowserWindowTest -->
